<?xml version="1.0" encoding="UTF-8"?>
<!-- Generated by org.testng.reporters.JUnitReportReporter -->
<testsuite skipped="0" hostname="SSelvarasuW8" name="testcases.ChartsPage_Testcases" tests="1" failures="0" timestamp="10 Mar 2020 10:13:23 GMT" time="59.656" errors="0">
  <testcase name="ChartsPage" time="59.656" classname="testcases.ChartsPage_Testcases"/>
</testsuite> <!-- testcases.ChartsPage_Testcases -->
