<?xml version="1.0" encoding="UTF-8"?>
<!-- Generated by org.testng.reporters.JUnitReportReporter -->
<testsuite skipped="0" hostname="SSelvarasuW8" name="testcases.HomePage_Testcases" tests="1" failures="0" timestamp="11 Nov 2019 06:32:47 GMT" time="15.252" errors="0">
  <testcase name="HomePage" time="15.252" classname="testcases.HomePage_Testcases"/>
</testsuite> <!-- testcases.HomePage_Testcases -->
