<?xml version="1.0" encoding="UTF-8"?>
<!-- Generated by org.testng.reporters.JUnitReportReporter -->
<testsuite skipped="0" hostname="SSelvarasuW8" name="testcases.TC001Login" tests="1" failures="0" timestamp="06 Aug 2019 05:34:36 GMT" time="12.200" errors="0">
  <testcase name="loginLogout" time="12.200" classname="testcases.TC001Login"/>
</testsuite> <!-- testcases.TC001Login -->
