<?xml version="1.0" encoding="UTF-8"?>
<!-- Generated by org.testng.reporters.JUnitReportReporter -->
<testsuite skipped="0" hostname="SSelvarasuW8" name="testcases.HomePage_Testcases" tests="1" failures="0" timestamp="18 Oct 2019 12:39:25 GMT" time="16.498" errors="0">
  <testcase name="HomePage" time="16.498" classname="testcases.HomePage_Testcases"/>
</testsuite> <!-- testcases.HomePage_Testcases -->
