<?xml version="1.0" encoding="UTF-8"?>
<!-- Generated by org.testng.reporters.JUnitReportReporter -->
<testsuite skipped="0" hostname="SSelvarasuW8" name="testcases.ChartsPage_Testcases" tests="1" failures="0" timestamp="03 Mar 2020 07:26:31 GMT" time="42.571" errors="0">
  <testcase name="ChartsPage" time="42.571" classname="testcases.ChartsPage_Testcases"/>
</testsuite> <!-- testcases.ChartsPage_Testcases -->
