<?xml version="1.0" encoding="UTF-8"?>
<!-- Generated by org.testng.reporters.JUnitReportReporter -->
<testsuite skipped="0" hostname="SSelvarasuW8" name="testcases.TC001Login" tests="1" failures="0" timestamp="20 Aug 2019 13:29:41 GMT" time="94.285" errors="0">
  <testcase name="loginLogout" time="94.285" classname="testcases.TC001Login"/>
</testsuite> <!-- testcases.TC001Login -->
