<?xml version="1.0" encoding="UTF-8"?>
<!-- Generated by org.testng.reporters.JUnitReportReporter -->
<testsuite skipped="0" hostname="SSelvarasuW8" name="testcases.ReportPage_Testcases" tests="1" failures="0" timestamp="11 Nov 2019 06:32:47 GMT" time="32.749" errors="0">
  <testcase name="ReportPage" time="32.749" classname="testcases.ReportPage_Testcases"/>
</testsuite> <!-- testcases.ReportPage_Testcases -->
