<?xml version="1.0" encoding="UTF-8"?>
<!-- Generated by org.testng.reporters.JUnitReportReporter -->
<testsuite skipped="0" hostname="SSelvarasuW8" name="testcases.ReportPage_Testcases" tests="1" failures="0" timestamp="03 Mar 2020 07:26:31 GMT" time="47.132" errors="0">
  <testcase name="ReportPage" time="47.132" classname="testcases.ReportPage_Testcases"/>
</testsuite> <!-- testcases.ReportPage_Testcases -->
