<?xml version="1.0" encoding="UTF-8"?>
<!-- Generated by org.testng.reporters.JUnitReportReporter -->
<testsuite skipped="0" hostname="SSelvarasuW8" name="testcases.ChartsPage_Testcases" tests="1" failures="0" timestamp="11 Nov 2019 06:32:47 GMT" time="26.653" errors="0">
  <testcase name="ChartsPage" time="26.653" classname="testcases.ChartsPage_Testcases"/>
</testsuite> <!-- testcases.ChartsPage_Testcases -->
