<?xml version="1.0" encoding="UTF-8"?>
<!-- Generated by org.testng.reporters.JUnitReportReporter -->
<testsuite skipped="0" hostname="SSelvarasuW8" name="testcases.Schw15r2dw003_Testcases" tests="1" failures="0" timestamp="11 Nov 2019 06:32:47 GMT" time="28.288" errors="0">
  <testcase name="loginLogout" time="28.288" classname="testcases.Schw15r2dw003_Testcases"/>
</testsuite> <!-- testcases.Schw15r2dw003_Testcases -->
