<?xml version="1.0" encoding="UTF-8"?>
<!-- Generated by org.testng.reporters.JUnitReportReporter -->
<testsuite skipped="0" hostname="SSelvarasuW8" name="testcases.ResultPage_Testcases" tests="1" failures="0" timestamp="18 Oct 2019 12:39:25 GMT" time="25.481" errors="0">
  <testcase name="ResultPage" time="25.481" classname="testcases.ResultPage_Testcases"/>
</testsuite> <!-- testcases.ResultPage_Testcases -->
