<?xml version="1.0" encoding="UTF-8"?>
<!-- Generated by org.testng.reporters.JUnitReportReporter -->
<testsuite skipped="0" hostname="SSelvarasuW8" name="testcases.ResultPage_Testcases" tests="1" failures="0" timestamp="03 Mar 2020 07:26:31 GMT" time="40.436" errors="0">
  <testcase name="ResultPage" time="40.436" classname="testcases.ResultPage_Testcases"/>
</testsuite> <!-- testcases.ResultPage_Testcases -->
