<?xml version="1.0" encoding="UTF-8"?>
<!-- Generated by org.testng.reporters.JUnitReportReporter -->
<testsuite skipped="0" hostname="SSelvarasuW8" name="testcases.ChartsPage_Testcases" tests="1" failures="0" timestamp="18 Nov 2019 09:48:48 GMT" time="35.874" errors="0">
  <testcase name="ChartsPage" time="35.874" classname="testcases.ChartsPage_Testcases"/>
</testsuite> <!-- testcases.ChartsPage_Testcases -->
