<?xml version="1.0" encoding="UTF-8"?>
<!-- Generated by org.testng.reporters.JUnitReportReporter -->
<testsuite skipped="0" hostname="SSelvarasuW8" name="testcases.HomePage_Testcases" tests="1" failures="0" timestamp="03 Mar 2020 07:26:31 GMT" time="20.317" errors="0">
  <testcase name="HomePage" time="20.317" classname="testcases.HomePage_Testcases"/>
</testsuite> <!-- testcases.HomePage_Testcases -->
