<?xml version="1.0" encoding="UTF-8"?>
<!-- Generated by org.testng.reporters.JUnitReportReporter -->
<testsuite skipped="0" hostname="SSelvarasuW8" name="testcases.ReportPage_Testcases" tests="1" failures="0" timestamp="18 Oct 2019 12:39:25 GMT" time="31.265" errors="0">
  <testcase name="ReportPage" time="31.265" classname="testcases.ReportPage_Testcases"/>
</testsuite> <!-- testcases.ReportPage_Testcases -->
