<?xml version="1.0" encoding="UTF-8"?>
<!-- Generated by org.testng.reporters.JUnitReportReporter -->
<testsuite skipped="0" hostname="SSelvarasuW8" name="testcases.TC001Login" tests="1" failures="0" timestamp="11 Oct 2019 06:50:36 GMT" time="22.882" errors="0">
  <testcase name="loginLogout" time="22.882" classname="testcases.TC001Login"/>
</testsuite> <!-- testcases.TC001Login -->
