<?xml version="1.0" encoding="UTF-8"?>
<!-- Generated by org.testng.reporters.JUnitReportReporter -->
<testsuite skipped="1" hostname="SSelvarasuW8" name="testcases.TC001Login" tests="1" failures="0" timestamp="30 Sep 2019 09:11:44 GMT" time="0.000" errors="0">
  <testcase name="loginLogout" time="0.000" classname="testcases.TC001Login">
    <skipped/>
  </testcase> <!-- loginLogout -->
</testsuite> <!-- testcases.TC001Login -->
