<?xml version="1.0" encoding="UTF-8"?>
<!-- Generated by org.testng.reporters.JUnitReportReporter -->
<testsuite skipped="0" hostname="SSelvarasuW8" name="testcases.LoginPage_Testcases" tests="1" failures="0" timestamp="03 Mar 2020 07:26:31 GMT" time="12.536" errors="0">
  <testcase name="loginLogout" time="12.536" classname="testcases.LoginPage_Testcases"/>
</testsuite> <!-- testcases.LoginPage_Testcases -->
