<?xml version="1.0" encoding="UTF-8"?>
<!-- Generated by org.testng.reporters.JUnitReportReporter -->
<testsuite skipped="0" hostname="SSelvarasuW8" name="testcases.Schw15r2dw003_Testcases" tests="1" failures="0" timestamp="18 Nov 2019 09:48:48 GMT" time="37.627" errors="0">
  <testcase name="loginLogout" time="37.627" classname="testcases.Schw15r2dw003_Testcases"/>
</testsuite> <!-- testcases.Schw15r2dw003_Testcases -->
