<?xml version="1.0" encoding="UTF-8"?>
<!-- Generated by org.testng.reporters.JUnitReportReporter -->
<testsuite skipped="0" hostname="SSelvarasuW8" name="testcases.LoginPage_Testcases" tests="1" failures="0" timestamp="18 Oct 2019 08:28:52 GMT" time="10.081" errors="0">
  <testcase name="loginLogout" time="10.081" classname="testcases.LoginPage_Testcases"/>
</testsuite> <!-- testcases.LoginPage_Testcases -->
