<?xml version="1.0" encoding="UTF-8"?>
<!-- Generated by org.testng.reporters.JUnitReportReporter -->
<testsuite skipped="0" hostname="SSelvarasuW8" name="testcases.ResultPage_Testcases" tests="1" failures="0" timestamp="10 Mar 2020 10:13:23 GMT" time="38.503" errors="0">
  <testcase name="ResultPage" time="38.503" classname="testcases.ResultPage_Testcases"/>
</testsuite> <!-- testcases.ResultPage_Testcases -->
