<?xml version="1.0" encoding="UTF-8"?>
<!-- Generated by org.testng.reporters.JUnitReportReporter -->
<testsuite skipped="0" hostname="SSelvarasuW8" name="testcases.TC001Login" tests="1" failures="0" timestamp="07 Jun 2019 05:35:31 GMT" time="30.800" errors="0">
  <testcase name="loginLogout" time="30.800" classname="testcases.TC001Login"/>
</testsuite> <!-- testcases.TC001Login -->
