<?xml version="1.0" encoding="UTF-8"?>
<!-- Generated by org.testng.reporters.JUnitReportReporter -->
<testsuite skipped="0" hostname="SSelvarasuW8" name="testcases.TC001Login" tests="1" failures="0" timestamp="12 Jun 2019 09:32:20 GMT" time="27.952" errors="0">
  <testcase name="loginLogout" time="27.952" classname="testcases.TC001Login"/>
</testsuite> <!-- testcases.TC001Login -->
