<?xml version="1.0" encoding="UTF-8"?>
<!-- Generated by org.testng.reporters.JUnitReportReporter -->
<testsuite skipped="0" hostname="SSelvarasuW8" name="test.TestNGBasics" tests="1" failures="0" timestamp="27 May 2019 13:34:47 GMT" time="0.010" errors="0">
  <testcase name="testmethod" time="0.010" classname="test.TestNGBasics"/>
</testsuite> <!-- test.TestNGBasics -->
