<?xml version="1.0" encoding="UTF-8"?>
<!-- Generated by org.testng.reporters.JUnitReportReporter -->
<testsuite skipped="0" hostname="SSelvarasuW8" name="testcases.LoginPage_Testcases" tests="1" failures="0" timestamp="10 Mar 2020 10:13:23 GMT" time="9.756" errors="0">
  <testcase name="loginLogout" time="9.756" classname="testcases.LoginPage_Testcases"/>
</testsuite> <!-- testcases.LoginPage_Testcases -->
