<?xml version="1.0" encoding="UTF-8"?>
<!-- Generated by org.testng.reporters.JUnitReportReporter -->
<testsuite skipped="0" hostname="SSelvarasuW8" name="testcases.ReportPage_Testcases" tests="1" failures="0" timestamp="18 Nov 2019 09:48:48 GMT" time="39.370" errors="0">
  <testcase name="ReportPage" time="39.370" classname="testcases.ReportPage_Testcases"/>
</testsuite> <!-- testcases.ReportPage_Testcases -->
