<?xml version="1.0" encoding="UTF-8"?>
<!-- Generated by org.testng.reporters.JUnitReportReporter -->
<testsuite skipped="1" hostname="SSelvarasuW8" name="testcases.TC002Login" tests="1" failures="0" timestamp="05 Aug 2019 12:31:39 GMT" time="0.000" errors="0">
  <testcase name="loginLogout" time="0.000" classname="testcases.TC002Login">
    <skipped/>
  </testcase> <!-- loginLogout -->
</testsuite> <!-- testcases.TC002Login -->
