<?xml version="1.0" encoding="UTF-8"?>
<!-- Generated by org.testng.reporters.JUnitReportReporter -->
<testsuite skipped="0" hostname="SSelvarasuW8" name="testcases.TC001Login" tests="1" failures="0" timestamp="05 Aug 2019 13:00:23 GMT" time="11.490" errors="0">
  <testcase name="loginLogout" time="11.490" classname="testcases.TC001Login"/>
</testsuite> <!-- testcases.TC001Login -->
