<?xml version="1.0" encoding="UTF-8"?>
<!-- Generated by org.testng.reporters.JUnitReportReporter -->
<testsuite skipped="0" hostname="SSelvarasuW8" name="testcases.TC001Login" tests="2" failures="0" timestamp="07 May 2020 12:36:12 GMT" time="38.248" errors="0">
  <testcase name="loginLogout" time="19.049" classname="testcases.TC001Login"/>
  <testcase name="loginLogout" time="19.199" classname="testcases.TC001Login"/>
</testsuite> <!-- testcases.TC001Login -->
