<?xml version="1.0" encoding="UTF-8"?>
<!-- Generated by org.testng.reporters.JUnitReportReporter -->
<testsuite skipped="0" hostname="SSelvarasuW8" name="testcases.Schw15r2dw003_Testcases" tests="2" failures="0" timestamp="10 Mar 2020 10:13:23 GMT" time="80.252" errors="0">
  <testcase name="loginLogout" time="40.515" classname="testcases.Schw15r2dw003_Testcases"/>
  <testcase name="loginLogout" time="39.737" classname="testcases.Schw15r2dw003_Testcases"/>
</testsuite> <!-- testcases.Schw15r2dw003_Testcases -->
