<?xml version="1.0" encoding="UTF-8"?>
<!-- Generated by org.testng.reporters.JUnitReportReporter -->
<testsuite skipped="0" hostname="SSelvarasuW8" name="testcases.HomePage_Testcases" tests="1" failures="0" timestamp="10 Mar 2020 10:13:23 GMT" time="16.134" errors="0">
  <testcase name="HomePage" time="16.134" classname="testcases.HomePage_Testcases"/>
</testsuite> <!-- testcases.HomePage_Testcases -->
