<?xml version="1.0" encoding="UTF-8"?>
<!-- Generated by org.testng.reporters.JUnitReportReporter -->
<testsuite skipped="0" hostname="SSelvarasuW8" name="testcases.ResultPage_Testcases" tests="1" failures="0" timestamp="11 Nov 2019 06:32:47 GMT" time="25.610" errors="0">
  <testcase name="ResultPage" time="25.610" classname="testcases.ResultPage_Testcases"/>
</testsuite> <!-- testcases.ResultPage_Testcases -->
