<?xml version="1.0" encoding="UTF-8"?>
<!-- Generated by org.testng.reporters.JUnitReportReporter -->
<testsuite skipped="0" hostname="SSelvarasuW8" name="testcases.LoginPage_Testcases" tests="1" failures="0" timestamp="19 Mar 2020 06:34:04 GMT" time="8.955" errors="0">
  <testcase name="loginLogout" time="8.955" classname="testcases.LoginPage_Testcases"/>
</testsuite> <!-- testcases.LoginPage_Testcases -->
