<?xml version="1.0" encoding="UTF-8"?>
<!-- Generated by org.testng.reporters.JUnitReportReporter -->
<testsuite skipped="0" hostname="SSelvarasuW8" name="testcases.ReportPage_Testcases" tests="1" failures="0" timestamp="10 Mar 2020 10:13:23 GMT" time="40.486" errors="0">
  <testcase name="ReportPage" time="40.486" classname="testcases.ReportPage_Testcases"/>
</testsuite> <!-- testcases.ReportPage_Testcases -->
